<?xml version="1.0" encoding="UTF-8"?>
<!-- Generated by org.testng.reporters.JUnitReportReporter -->
<testsuite skipped="0" hostname="Owner-PC" name="TestNGExample1.test.NewTest" tests="37" failures="2" timestamp="19 Oct 2016 10:43:40 GMT" time="91.043" errors="0">
  <testcase name="AugustNewReleasePriceTest" time="2.410" classname="TestNGExample1.test.NewTest"/>
  <testcase name="DecemberNewReleasePriceTest" time="2.316" classname="TestNGExample1.test.NewTest"/>
  <testcase name="JanuaryNewReleaseImageDisplayTest" time="2.501" classname="TestNGExample1.test.NewTest"/>
  <testcase name="MarchNewReleaseImageDisplayTest" time="2.383" classname="TestNGExample1.test.NewTest"/>
  <testcase name="JanuaryNewReleaseBlurbDisplayTest" time="3.459" classname="TestNGExample1.test.NewTest"/>
  <testcase name="JuneNewReleaseImageDisplayTest" time="2.457" classname="TestNGExample1.test.NewTest"/>
  <testcase name="DecemberNewReleaseImageDisplayTest" time="2.267" classname="TestNGExample1.test.NewTest"/>
  <testcase name="NovemberNewReleasePriceTest" time="2.425" classname="TestNGExample1.test.NewTest"/>
  <testcase name="ReminderEmailTest" time="0.837" classname="TestNGExample1.test.NewTest"/>
  <testcase name="FebruaryNewReleaseBlurbDisplayTest" time="2.669" classname="TestNGExample1.test.NewTest"/>
  <testcase name="JulyNewReleasePriceTest" time="2.482" classname="TestNGExample1.test.NewTest"/>
  <testcase name="AprilNewReleasePriceTest" time="2.409" classname="TestNGExample1.test.NewTest"/>
  <testcase name="OctoberNewReleaseBlurbDisplayTest" time="2.647" classname="TestNGExample1.test.NewTest"/>
  <testcase name="AugustNewReleaseImageDisplayTest" time="2.400" classname="TestNGExample1.test.NewTest"/>
  <testcase name="JulyNewReleaseBlurbDisplayTest" time="2.647" classname="TestNGExample1.test.NewTest"/>
  <testcase name="JuneNewReleaseBlurbDisplayTest" time="2.607" classname="TestNGExample1.test.NewTest"/>
  <testcase name="SeptemberNewReleaseBlurbDisplayTest" time="2.586" classname="TestNGExample1.test.NewTest"/>
  <testcase name="MarchNewReleaseBlurbDisplayTest" time="2.674" classname="TestNGExample1.test.NewTest"/>
  <testcase name="SeptemberNewReleaseImageDisplayTest" time="2.375" classname="TestNGExample1.test.NewTest"/>
  <testcase name="NovemberNewReleaseBlurbDisplayTest" time="2.594" classname="TestNGExample1.test.NewTest">
    <failure type="java.lang.AssertionError" message="expected [true] but found [false]">
      <![CDATA[java.lang.AssertionError: expected [true] but found [false]
	at org.testng.Assert.fail(Assert.java:94)
	at org.testng.Assert.failNotEquals(Assert.java:513)
	at org.testng.Assert.assertTrue(Assert.java:42)
	at org.testng.Assert.assertTrue(Assert.java:52)
	at TestNGExample1.test.NewTest.NamedMonthlyNewReleaseBlurbTest(NewTest.java:276)
	at TestNGExample1.test.NewTest.NovemberNewReleaseBlurbDisplayTest(NewTest.java:199)
	at sun.reflect.NativeMethodAccessorImpl.invoke0(Native Method)
	at sun.reflect.NativeMethodAccessorImpl.invoke(Unknown Source)
	at sun.reflect.DelegatingMethodAccessorImpl.invoke(Unknown Source)
	at java.lang.reflect.Method.invoke(Unknown Source)
	at org.testng.internal.MethodInvocationHelper.invokeMethod(MethodInvocationHelper.java:100)
	at org.testng.internal.Invoker.invokeMethod(Invoker.java:646)
	at org.testng.internal.Invoker.invokeTestMethod(Invoker.java:811)
	at org.testng.internal.Invoker.invokeTestMethods(Invoker.java:1137)
	at org.testng.internal.TestMethodWorker.invokeTestMethods(TestMethodWorker.java:129)
	at org.testng.internal.TestMethodWorker.run(TestMethodWorker.java:112)
	at org.testng.TestRunner.privateRun(TestRunner.java:753)
	at org.testng.TestRunner.run(TestRunner.java:607)
	at org.testng.SuiteRunner.runTest(SuiteRunner.java:368)
	at org.testng.SuiteRunner.runSequentially(SuiteRunner.java:363)
	at org.testng.SuiteRunner.privateRun(SuiteRunner.java:321)
	at org.testng.SuiteRunner.run(SuiteRunner.java:270)
	at org.testng.SuiteRunnerWorker.runSuite(SuiteRunnerWorker.java:52)
	at org.testng.SuiteRunnerWorker.run(SuiteRunnerWorker.java:86)
	at org.testng.TestNG.runSuitesSequentially(TestNG.java:1284)
	at org.testng.TestNG.runSuitesLocally(TestNG.java:1209)
	at org.testng.TestNG.runSuites(TestNG.java:1124)
	at org.testng.TestNG.run(TestNG.java:1096)
	at org.testng.remote.AbstractRemoteTestNG.run(AbstractRemoteTestNG.java:132)
	at org.testng.remote.RemoteTestNG.initAndRun(RemoteTestNG.java:236)
	at org.testng.remote.RemoteTestNG.main(RemoteTestNG.java:81)
]]>
    </failure>
  </testcase> <!-- NovemberNewReleaseBlurbDisplayTest -->
  <testcase name="MayNewReleaseImageDisplayTest" time="2.562" classname="TestNGExample1.test.NewTest"/>
  <testcase name="AugustNewReleaseBlurbDisplayTest" time="2.625" classname="TestNGExample1.test.NewTest"/>
  <testcase name="AprilNewReleaseBlurbDisplayTest" time="2.765" classname="TestNGExample1.test.NewTest"/>
  <testcase name="FebruaryNewReleaseImageDisplayTest" time="2.381" classname="TestNGExample1.test.NewTest"/>
  <testcase name="MayNewReleaseBlurbDisplayTest" time="2.608" classname="TestNGExample1.test.NewTest"/>
  <testcase name="JulyNewReleaseImageDisplayTest" time="2.413" classname="TestNGExample1.test.NewTest"/>
  <testcase name="AprilNewReleaseImageDisplayTest" time="2.471" classname="TestNGExample1.test.NewTest"/>
  <testcase name="SeptemberNewReleasePriceTest" time="2.443" classname="TestNGExample1.test.NewTest"/>
  <testcase name="NovemberNewReleaseImageDisplayTest" time="2.323" classname="TestNGExample1.test.NewTest">
    <failure type="java.lang.AssertionError" message="expected [true] but found [false]">
      <![CDATA[java.lang.AssertionError: expected [true] but found [false]
	at org.testng.Assert.fail(Assert.java:94)
	at org.testng.Assert.failNotEquals(Assert.java:513)
	at org.testng.Assert.assertTrue(Assert.java:42)
	at org.testng.Assert.assertTrue(Assert.java:52)
	at TestNGExample1.test.NewTest.NamedMonthlyNewReleaseImageTest(NewTest.java:315)
	at TestNGExample1.test.NewTest.NovemberNewReleaseImageDisplayTest(NewTest.java:209)
	at sun.reflect.NativeMethodAccessorImpl.invoke0(Native Method)
	at sun.reflect.NativeMethodAccessorImpl.invoke(Unknown Source)
	at sun.reflect.DelegatingMethodAccessorImpl.invoke(Unknown Source)
	at java.lang.reflect.Method.invoke(Unknown Source)
	at org.testng.internal.MethodInvocationHelper.invokeMethod(MethodInvocationHelper.java:100)
	at org.testng.internal.Invoker.invokeMethod(Invoker.java:646)
	at org.testng.internal.Invoker.invokeTestMethod(Invoker.java:811)
	at org.testng.internal.Invoker.invokeTestMethods(Invoker.java:1137)
	at org.testng.internal.TestMethodWorker.invokeTestMethods(TestMethodWorker.java:129)
	at org.testng.internal.TestMethodWorker.run(TestMethodWorker.java:112)
	at org.testng.TestRunner.privateRun(TestRunner.java:753)
	at org.testng.TestRunner.run(TestRunner.java:607)
	at org.testng.SuiteRunner.runTest(SuiteRunner.java:368)
	at org.testng.SuiteRunner.runSequentially(SuiteRunner.java:363)
	at org.testng.SuiteRunner.privateRun(SuiteRunner.java:321)
	at org.testng.SuiteRunner.run(SuiteRunner.java:270)
	at org.testng.SuiteRunnerWorker.runSuite(SuiteRunnerWorker.java:52)
	at org.testng.SuiteRunnerWorker.run(SuiteRunnerWorker.java:86)
	at org.testng.TestNG.runSuitesSequentially(TestNG.java:1284)
	at org.testng.TestNG.runSuitesLocally(TestNG.java:1209)
	at org.testng.TestNG.runSuites(TestNG.java:1124)
	at org.testng.TestNG.run(TestNG.java:1096)
	at org.testng.remote.AbstractRemoteTestNG.run(AbstractRemoteTestNG.java:132)
	at org.testng.remote.RemoteTestNG.initAndRun(RemoteTestNG.java:236)
	at org.testng.remote.RemoteTestNG.main(RemoteTestNG.java:81)
]]>
    </failure>
  </testcase> <!-- NovemberNewReleaseImageDisplayTest -->
  <testcase name="MarchNewReleasePriceTest" time="2.421" classname="TestNGExample1.test.NewTest"/>
  <testcase name="MayNewReleasePriceTest" time="2.418" classname="TestNGExample1.test.NewTest"/>
  <testcase name="JuneNewReleasePriceTest" time="2.369" classname="TestNGExample1.test.NewTest"/>
  <testcase name="FebruaryNewReleasePriceTest" time="2.430" classname="TestNGExample1.test.NewTest"/>
  <testcase name="OctoberNewReleasePriceTest" time="2.418" classname="TestNGExample1.test.NewTest"/>
  <testcase name="DecemberNewReleaseBlurbDisplayTest" time="2.330" classname="TestNGExample1.test.NewTest"/>
  <testcase name="OctoberNewReleaseImageDisplayTest" time="2.383" classname="TestNGExample1.test.NewTest"/>
  <testcase name="JanuaryNewReleasePriceTest" time="2.538" classname="TestNGExample1.test.NewTest"/>
</testsuite> <!-- TestNGExample1.test.NewTest -->
